<?xml version="1.0" encoding="UTF-8"?>
<testsuite xmlns:xsi="http://www.w3.org/2001/XMLSchema-instance" xsi:noNamespaceSchemaLocation="https://maven.apache.org/surefire/maven-surefire-plugin/xsd/surefire-test-report-3.0.xsd" version="3.0" name="com.endava.calculator.test.CalculatorTest" time="0.333" tests="36" errors="0" skipped="0" failures="0">
  <properties>
    <property name="sun.desktop" value="windows"/>
    <property name="awt.toolkit" value="sun.awt.windows.WToolkit"/>
    <property name="java.specification.version" value="11"/>
    <property name="sun.cpu.isalist" value="amd64"/>
    <property name="sun.jnu.encoding" value="Cp1252"/>
    <property name="java.class.path" value="C:\Users\RSave\IdeaProjects\mavenCalculator\target\test-classes;C:\Users\RSave\IdeaProjects\mavenCalculator\target\classes;C:\Users\RSave\.m2\repository\commons-io\commons-io\2.11.0\commons-io-2.11.0.jar;C:\Users\RSave\.m2\repository\org\apache\commons\commons-lang3\3.12.0\commons-lang3-3.12.0.jar;C:\Users\RSave\.m2\repository\org\apache\logging\log4j\log4j-api\2.17.1\log4j-api-2.17.1.jar;C:\Users\RSave\.m2\repository\org\apache\logging\log4j\log4j-core\2.17.1\log4j-core-2.17.1.jar;C:\Users\RSave\.m2\repository\com\google\code\gson\gson\2.8.9\gson-2.8.9.jar;C:\Users\RSave\.m2\repository\com\fasterxml\jackson\core\jackson-databind\2.13.1\jackson-databind-2.13.1.jar;C:\Users\RSave\.m2\repository\com\fasterxml\jackson\core\jackson-annotations\2.13.1\jackson-annotations-2.13.1.jar;C:\Users\RSave\.m2\repository\com\fasterxml\jackson\core\jackson-core\2.13.1\jackson-core-2.13.1.jar;C:\Users\RSave\.m2\repository\commons-dbutils\commons-dbutils\1.7\commons-dbutils-1.7.jar;C:\Users\RSave\.m2\repository\mysql\mysql-connector-java\8.0.28\mysql-connector-java-8.0.28.jar;C:\Users\RSave\.m2\repository\com\google\protobuf\protobuf-java\3.11.4\protobuf-java-3.11.4.jar;C:\Users\RSave\.m2\repository\org\junit\jupiter\junit-jupiter-api\5.8.2\junit-jupiter-api-5.8.2.jar;C:\Users\RSave\.m2\repository\org\opentest4j\opentest4j\1.2.0\opentest4j-1.2.0.jar;C:\Users\RSave\.m2\repository\org\junit\platform\junit-platform-commons\1.8.2\junit-platform-commons-1.8.2.jar;C:\Users\RSave\.m2\repository\org\apiguardian\apiguardian-api\1.1.2\apiguardian-api-1.1.2.jar;C:\Users\RSave\.m2\repository\org\junit\jupiter\junit-jupiter-params\5.8.2\junit-jupiter-params-5.8.2.jar;C:\Users\RSave\.m2\repository\org\junit\jupiter\junit-jupiter-engine\5.8.2\junit-jupiter-engine-5.8.2.jar;C:\Users\RSave\.m2\repository\org\junit\platform\junit-platform-engine\1.8.2\junit-platform-engine-1.8.2.jar;C:\Users\RSave\.m2\repository\org\junit\platform\junit-platform-reporting\1.8.2\junit-platform-reporting-1.8.2.jar;C:\Users\RSave\.m2\repository\org\junit\platform\junit-platform-launcher\1.8.2\junit-platform-launcher-1.8.2.jar;C:\Users\RSave\.m2\repository\org\springframework\spring-test\5.3.15\spring-test-5.3.15.jar;C:\Users\RSave\.m2\repository\org\springframework\spring-core\5.3.15\spring-core-5.3.15.jar;C:\Users\RSave\.m2\repository\org\springframework\spring-jcl\5.3.15\spring-jcl-5.3.15.jar;"/>
    <property name="java.vm.vendor" value="Azul Systems, Inc."/>
    <property name="sun.arch.data.model" value="64"/>
    <property name="user.variant" value=""/>
    <property name="java.vendor.url" value="http://www.azul.com/"/>
    <property name="user.timezone" value="Europe/Athens"/>
    <property name="java.vm.specification.version" value="11"/>
    <property name="os.name" value="Windows 10"/>
    <property name="sun.java.launcher" value="SUN_STANDARD"/>
    <property name="user.country" value="US"/>
    <property name="sun.boot.library.path" value="C:\Program Files\Zulu\zulu-11\bin"/>
    <property name="sun.java.command" value="C:\Users\RSave\AppData\Local\Temp\surefire14643954484966016305\surefirebooter10207177236198825527.jar C:\Users\RSave\AppData\Local\Temp\surefire14643954484966016305 2022-01-26T18-18-04_969-jvmRun1 surefire1615424317106609556tmp surefire_011360487811920125687tmp"/>
    <property name="jdk.debug" value="release"/>
    <property name="surefire.test.class.path" value="C:\Users\RSave\IdeaProjects\mavenCalculator\target\test-classes;C:\Users\RSave\IdeaProjects\mavenCalculator\target\classes;C:\Users\RSave\.m2\repository\commons-io\commons-io\2.11.0\commons-io-2.11.0.jar;C:\Users\RSave\.m2\repository\org\apache\commons\commons-lang3\3.12.0\commons-lang3-3.12.0.jar;C:\Users\RSave\.m2\repository\org\apache\logging\log4j\log4j-api\2.17.1\log4j-api-2.17.1.jar;C:\Users\RSave\.m2\repository\org\apache\logging\log4j\log4j-core\2.17.1\log4j-core-2.17.1.jar;C:\Users\RSave\.m2\repository\com\google\code\gson\gson\2.8.9\gson-2.8.9.jar;C:\Users\RSave\.m2\repository\com\fasterxml\jackson\core\jackson-databind\2.13.1\jackson-databind-2.13.1.jar;C:\Users\RSave\.m2\repository\com\fasterxml\jackson\core\jackson-annotations\2.13.1\jackson-annotations-2.13.1.jar;C:\Users\RSave\.m2\repository\com\fasterxml\jackson\core\jackson-core\2.13.1\jackson-core-2.13.1.jar;C:\Users\RSave\.m2\repository\commons-dbutils\commons-dbutils\1.7\commons-dbutils-1.7.jar;C:\Users\RSave\.m2\repository\mysql\mysql-connector-java\8.0.28\mysql-connector-java-8.0.28.jar;C:\Users\RSave\.m2\repository\com\google\protobuf\protobuf-java\3.11.4\protobuf-java-3.11.4.jar;C:\Users\RSave\.m2\repository\org\junit\jupiter\junit-jupiter-api\5.8.2\junit-jupiter-api-5.8.2.jar;C:\Users\RSave\.m2\repository\org\opentest4j\opentest4j\1.2.0\opentest4j-1.2.0.jar;C:\Users\RSave\.m2\repository\org\junit\platform\junit-platform-commons\1.8.2\junit-platform-commons-1.8.2.jar;C:\Users\RSave\.m2\repository\org\apiguardian\apiguardian-api\1.1.2\apiguardian-api-1.1.2.jar;C:\Users\RSave\.m2\repository\org\junit\jupiter\junit-jupiter-params\5.8.2\junit-jupiter-params-5.8.2.jar;C:\Users\RSave\.m2\repository\org\junit\jupiter\junit-jupiter-engine\5.8.2\junit-jupiter-engine-5.8.2.jar;C:\Users\RSave\.m2\repository\org\junit\platform\junit-platform-engine\1.8.2\junit-platform-engine-1.8.2.jar;C:\Users\RSave\.m2\repository\org\junit\platform\junit-platform-reporting\1.8.2\junit-platform-reporting-1.8.2.jar;C:\Users\RSave\.m2\repository\org\junit\platform\junit-platform-launcher\1.8.2\junit-platform-launcher-1.8.2.jar;C:\Users\RSave\.m2\repository\org\springframework\spring-test\5.3.15\spring-test-5.3.15.jar;C:\Users\RSave\.m2\repository\org\springframework\spring-core\5.3.15\spring-core-5.3.15.jar;C:\Users\RSave\.m2\repository\org\springframework\spring-jcl\5.3.15\spring-jcl-5.3.15.jar;"/>
    <property name="sun.cpu.endian" value="little"/>
    <property name="user.home" value="C:\Users\RSave"/>
    <property name="user.language" value="en"/>
    <property name="java.specification.vendor" value="Oracle Corporation"/>
    <property name="java.version.date" value="2021-10-19"/>
    <property name="java.home" value="C:\Program Files\Zulu\zulu-11"/>
    <property name="file.separator" value="\"/>
    <property name="basedir" value="C:\Users\RSave\IdeaProjects\mavenCalculator"/>
    <property name="java.vm.compressedOopsMode" value="Zero based"/>
    <property name="line.separator" value="&#10;"/>
    <property name="java.specification.name" value="Java Platform API Specification"/>
    <property name="java.vm.specification.vendor" value="Oracle Corporation"/>
    <property name="jdk.vendor.version" value="Zulu11.52+13-CA"/>
    <property name="java.awt.graphicsenv" value="sun.awt.Win32GraphicsEnvironment"/>
    <property name="surefire.real.class.path" value="C:\Users\RSave\AppData\Local\Temp\surefire14643954484966016305\surefirebooter10207177236198825527.jar"/>
    <property name="user.script" value=""/>
    <property name="sun.management.compiler" value="HotSpot 64-Bit Tiered Compilers"/>
    <property name="java.runtime.version" value="11.0.13+8-LTS"/>
    <property name="user.name" value="RSave"/>
    <property name="path.separator" value=";"/>
    <property name="os.version" value="10.0"/>
    <property name="java.runtime.name" value="OpenJDK Runtime Environment"/>
    <property name="file.encoding" value="Cp1252"/>
    <property name="java.vm.name" value="OpenJDK 64-Bit Server VM"/>
    <property name="java.vendor.version" value="Zulu11.52+13-CA"/>
    <property name="localRepository" value="C:\Users\RSave\.m2\repository"/>
    <property name="java.vendor.url.bug" value="http://www.azul.com/support/"/>
    <property name="java.io.tmpdir" value="C:\Users\RSave\AppData\Local\Temp\"/>
    <property name="idea.version" value="2021.3.1"/>
    <property name="java.version" value="11.0.13"/>
    <property name="user.dir" value="C:\Users\RSave\IdeaProjects\mavenCalculator"/>
    <property name="os.arch" value="amd64"/>
    <property name="java.vm.specification.name" value="Java Virtual Machine Specification"/>
    <property name="java.awt.printerjob" value="sun.awt.windows.WPrinterJob"/>
    <property name="sun.os.patch.level" value=""/>
    <property name="java.library.path" value="C:\Program Files\Zulu\zulu-11\bin;C:\WINDOWS\Sun\Java\bin;C:\WINDOWS\system32;C:\WINDOWS;C:\Program Files\Zulu\zulu-11\bin\;C:\WINDOWS\system32;C:\WINDOWS;C:\WINDOWS\System32\Wbem;C:\WINDOWS\System32\WindowsPowerShell\v1.0\;C:\WINDOWS\System32\OpenSSH\;C:\Program Files\Git\cmd;C:\Users\RSave\Downloads\apache-maven-3.8.4\bin;C:\Users\RSave\AppData\Local\Microsoft\WindowsApps;C:\Program Files\JetBrains\IntelliJ IDEA Community Edition 2021.3.1\bin;;C:\Users\RSave\Downloads\apache-maven-3.8.4\bin;;."/>
    <property name="java.vm.info" value="mixed mode"/>
    <property name="java.vendor" value="Azul Systems, Inc."/>
    <property name="java.vm.version" value="11.0.13+8-LTS"/>
    <property name="sun.io.unicode.encoding" value="UnicodeLittle"/>
    <property name="java.class.version" value="55.0"/>
  </properties>
  <testcase name="shouldMultiplyNumberGivenTwoNegativeNumbers" classname="com.endava.calculator.test.CalculatorTest" time="0.028">
    <system-out><![CDATA[Before All

Before Each
18:18:06.969 [main] INFO  com.endava.extensions.TestReporterExtension - Starting test CalculatorTest/shouldMultiplyNumberGivenTwoNegativeNumbers
8
18:18:06.969 [main] INFO  com.endava.extensions.TestReporterExtension - Finishing test CalculatorTest/shouldMultiplyNumberGivenTwoNegativeNumbers
After Each

]]></system-out>
  </testcase>
  <testcase name="shouldAddNumberGivenTwoNegativeNumbers" classname="com.endava.calculator.test.CalculatorTest" time="0">
    <system-out><![CDATA[
Before Each
18:18:06.985 [main] INFO  com.endava.extensions.TestReporterExtension - Starting test CalculatorTest/shouldAddNumberGivenTwoNegativeNumbers
-6
18:18:06.985 [main] INFO  com.endava.extensions.TestReporterExtension - Finishing test CalculatorTest/shouldAddNumberGivenTwoNegativeNumbers
After Each

]]></system-out>
  </testcase>
  <testcase name="shouldAddNumberGivenNoNumbers" classname="com.endava.calculator.test.CalculatorTest" time="0">
    <system-out><![CDATA[
Before Each
18:18:06.985 [main] INFO  com.endava.extensions.TestReporterExtension - Starting test CalculatorTest/shouldAddNumberGivenNoNumbers
0
18:18:06.985 [main] INFO  com.endava.extensions.TestReporterExtension - Finishing test CalculatorTest/shouldAddNumberGivenNoNumbers
After Each

]]></system-out>
  </testcase>
  <testcase name="shouldApplyPowerGivenOperand0(double, double)[1]" classname="com.endava.calculator.test.CalculatorTest" time="0.017">
    <system-out><![CDATA[
Before Each
18:18:07.021 [main] INFO  com.endava.extensions.TestReporterExtension - Starting test CalculatorTest/shouldApplyPowerGivenOperand0
0.0
18:18:07.038 [main] INFO  com.endava.extensions.TestReporterExtension - Finishing test CalculatorTest/shouldApplyPowerGivenOperand0
After Each

]]></system-out>
  </testcase>
  <testcase name="shouldApplyPowerGivenOperand0(double, double)[2]" classname="com.endava.calculator.test.CalculatorTest" time="0">
    <system-out><![CDATA[
Before Each
18:18:07.042 [main] INFO  com.endava.extensions.TestReporterExtension - Starting test CalculatorTest/shouldApplyPowerGivenOperand0
1.0
18:18:07.042 [main] INFO  com.endava.extensions.TestReporterExtension - Finishing test CalculatorTest/shouldApplyPowerGivenOperand0
After Each

]]></system-out>
  </testcase>
  <testcase name="shouldApplyPowerGivenOperand1(double, double)[1]" classname="com.endava.calculator.test.CalculatorTest" time="0.004">
    <system-out><![CDATA[
Before Each
18:18:07.046 [main] INFO  com.endava.extensions.TestReporterExtension - Starting test CalculatorTest/shouldApplyPowerGivenOperand1
1.0
18:18:07.050 [main] INFO  com.endava.extensions.TestReporterExtension - Finishing test CalculatorTest/shouldApplyPowerGivenOperand1
After Each

]]></system-out>
  </testcase>
  <testcase name="shouldApplyPowerGivenOperand1(double, double)[2]" classname="com.endava.calculator.test.CalculatorTest" time="0.004">
    <system-out><![CDATA[
Before Each
18:18:07.054 [main] INFO  com.endava.extensions.TestReporterExtension - Starting test CalculatorTest/shouldApplyPowerGivenOperand1
2.0
18:18:07.054 [main] INFO  com.endava.extensions.TestReporterExtension - Finishing test CalculatorTest/shouldApplyPowerGivenOperand1
After Each

]]></system-out>
  </testcase>
  <testcase name="shouldAddNumberGivenOperand0(int, int)[1]" classname="com.endava.calculator.test.CalculatorTest" time="0.004">
    <system-out><![CDATA[
Before Each
18:18:07.058 [main] INFO  com.endava.extensions.TestReporterExtension - Starting test CalculatorTest/shouldAddNumberGivenOperand0
2
18:18:07.058 [main] INFO  com.endava.extensions.TestReporterExtension - Finishing test CalculatorTest/shouldAddNumberGivenOperand0
After Each

]]></system-out>
  </testcase>
  <testcase name="shouldAddNumberGivenOperand0(int, int)[2]" classname="com.endava.calculator.test.CalculatorTest" time="0.004">
    <system-out><![CDATA[
Before Each
18:18:07.058 [main] INFO  com.endava.extensions.TestReporterExtension - Starting test CalculatorTest/shouldAddNumberGivenOperand0
2
18:18:07.062 [main] INFO  com.endava.extensions.TestReporterExtension - Finishing test CalculatorTest/shouldAddNumberGivenOperand0
After Each

]]></system-out>
  </testcase>
  <testcase name="shouldApplyPowerGivenExpNegativeNumber" classname="com.endava.calculator.test.CalculatorTest" time="0.004">
    <system-out><![CDATA[
Before Each
18:18:07.062 [main] INFO  com.endava.extensions.TestReporterExtension - Starting test CalculatorTest/shouldApplyPowerGivenExpNegativeNumber
0.25
18:18:07.066 [main] INFO  com.endava.extensions.TestReporterExtension - Finishing test CalculatorTest/shouldApplyPowerGivenExpNegativeNumber
After Each

]]></system-out>
  </testcase>
  <testcase name="shouldAddNumberGivenTwoLongNumbers" classname="com.endava.calculator.test.CalculatorTest" time="0.004">
    <system-out><![CDATA[
Before Each
18:18:07.066 [main] INFO  com.endava.extensions.TestReporterExtension - Starting test CalculatorTest/shouldAddNumberGivenTwoLongNumbers
2147483648
18:18:07.070 [main] INFO  com.endava.extensions.TestReporterExtension - Finishing test CalculatorTest/shouldAddNumberGivenTwoLongNumbers
After Each

]]></system-out>
  </testcase>
  <testcase name="shouldMultiplyNumberGivenManyNumbers(int, int, int)[1]" classname="com.endava.calculator.test.CalculatorTest" time="0">
    <system-out><![CDATA[
Before Each
18:18:07.098 [main] INFO  com.endava.extensions.TestReporterExtension - Starting test CalculatorTest/shouldMultiplyNumberGivenManyNumbers
6
18:18:07.098 [main] INFO  com.endava.extensions.TestReporterExtension - Finishing test CalculatorTest/shouldMultiplyNumberGivenManyNumbers
After Each

]]></system-out>
  </testcase>
  <testcase name="shouldMultiplyNumberGivenManyNumbers(int, int, int)[2]" classname="com.endava.calculator.test.CalculatorTest" time="0">
    <system-out><![CDATA[
Before Each
18:18:07.098 [main] INFO  com.endava.extensions.TestReporterExtension - Starting test CalculatorTest/shouldMultiplyNumberGivenManyNumbers
40
18:18:07.098 [main] INFO  com.endava.extensions.TestReporterExtension - Finishing test CalculatorTest/shouldMultiplyNumberGivenManyNumbers
After Each

]]></system-out>
  </testcase>
  <testcase name="shouldMultiplyNumberGivenManyNumbers(int, int, int)[3]" classname="com.endava.calculator.test.CalculatorTest" time="0.004">
    <system-out><![CDATA[
Before Each
18:18:07.192 [main] INFO  com.endava.extensions.TestReporterExtension - Starting test CalculatorTest/shouldMultiplyNumberGivenManyNumbers
6
18:18:07.192 [main] INFO  com.endava.extensions.TestReporterExtension - Finishing test CalculatorTest/shouldMultiplyNumberGivenManyNumbers
After Each

]]></system-out>
  </testcase>
  <testcase name="shouldMultiplyNumberGivenManyNumbers(int, int, int)[4]" classname="com.endava.calculator.test.CalculatorTest" time="0.004">
    <system-out><![CDATA[
Before Each
18:18:07.196 [main] INFO  com.endava.extensions.TestReporterExtension - Starting test CalculatorTest/shouldMultiplyNumberGivenManyNumbers
40
18:18:07.196 [main] INFO  com.endava.extensions.TestReporterExtension - Finishing test CalculatorTest/shouldMultiplyNumberGivenManyNumbers
After Each

]]></system-out>
  </testcase>
  <testcase name="shouldMultiplyNumberGivenManyNumbers(int, int, int)[5]" classname="com.endava.calculator.test.CalculatorTest" time="0.004">
    <system-out><![CDATA[
Before Each
18:18:07.201 [main] INFO  com.endava.extensions.TestReporterExtension - Starting test CalculatorTest/shouldMultiplyNumberGivenManyNumbers
336
18:18:07.205 [main] INFO  com.endava.extensions.TestReporterExtension - Finishing test CalculatorTest/shouldMultiplyNumberGivenManyNumbers
After Each

]]></system-out>
  </testcase>
  <testcase name="shouldMultiplyNumberGivenOneNegativeNumberAndOnePositiveNumber" classname="com.endava.calculator.test.CalculatorTest" time="0">
    <system-out><![CDATA[
Before Each
18:18:07.209 [main] INFO  com.endava.extensions.TestReporterExtension - Starting test CalculatorTest/shouldMultiplyNumberGivenOneNegativeNumberAndOnePositiveNumber
-8
18:18:07.209 [main] INFO  com.endava.extensions.TestReporterExtension - Finishing test CalculatorTest/shouldMultiplyNumberGivenOneNegativeNumberAndOnePositiveNumber
After Each

]]></system-out>
  </testcase>
  <testcase name="shouldApplyPowerGivenTwoNegativeNumbers" classname="com.endava.calculator.test.CalculatorTest" time="0">
    <system-out><![CDATA[
Before Each
18:18:07.209 [main] INFO  com.endava.extensions.TestReporterExtension - Starting test CalculatorTest/shouldApplyPowerGivenTwoNegativeNumbers
0.0625
18:18:07.209 [main] INFO  com.endava.extensions.TestReporterExtension - Finishing test CalculatorTest/shouldApplyPowerGivenTwoNegativeNumbers
After Each

]]></system-out>
  </testcase>
  <testcase name="shouldApplyPowerGivenTwoLongNumbers" classname="com.endava.calculator.test.CalculatorTest" time="0">
    <system-out><![CDATA[
Before Each
18:18:07.213 [main] INFO  com.endava.extensions.TestReporterExtension - Starting test CalculatorTest/shouldApplyPowerGivenTwoLongNumbers
4.6116860141324206E18
18:18:07.213 [main] INFO  com.endava.extensions.TestReporterExtension - Finishing test CalculatorTest/shouldApplyPowerGivenTwoLongNumbers
After Each

]]></system-out>
  </testcase>
  <testcase name="shouldMultiplyNumberGivenOperand0(int, int)[1]" classname="com.endava.calculator.test.CalculatorTest" time="0.005">
    <system-out><![CDATA[
Before Each
18:18:07.217 [main] INFO  com.endava.extensions.TestReporterExtension - Starting test CalculatorTest/shouldMultiplyNumberGivenOperand0
0
18:18:07.218 [main] INFO  com.endava.extensions.TestReporterExtension - Finishing test CalculatorTest/shouldMultiplyNumberGivenOperand0
After Each

]]></system-out>
  </testcase>
  <testcase name="shouldMultiplyNumberGivenOperand0(int, int)[2]" classname="com.endava.calculator.test.CalculatorTest" time="0.004">
    <system-out><![CDATA[
Before Each
18:18:07.218 [main] INFO  com.endava.extensions.TestReporterExtension - Starting test CalculatorTest/shouldMultiplyNumberGivenOperand0
0
18:18:07.222 [main] INFO  com.endava.extensions.TestReporterExtension - Finishing test CalculatorTest/shouldMultiplyNumberGivenOperand0
After Each

]]></system-out>
  </testcase>
  <testcase name="shouldMultiplyNumberGivenOperand1(int, int)[1]" classname="com.endava.calculator.test.CalculatorTest" time="0.004">
    <system-out><![CDATA[
Before Each
18:18:07.226 [main] INFO  com.endava.extensions.TestReporterExtension - Starting test CalculatorTest/shouldMultiplyNumberGivenOperand1
2
18:18:07.226 [main] INFO  com.endava.extensions.TestReporterExtension - Finishing test CalculatorTest/shouldMultiplyNumberGivenOperand1
After Each

]]></system-out>
  </testcase>
  <testcase name="shouldMultiplyNumberGivenOperand1(int, int)[2]" classname="com.endava.calculator.test.CalculatorTest" time="0.004">
    <system-out><![CDATA[
Before Each
18:18:07.230 [main] INFO  com.endava.extensions.TestReporterExtension - Starting test CalculatorTest/shouldMultiplyNumberGivenOperand1
2
18:18:07.230 [main] INFO  com.endava.extensions.TestReporterExtension - Finishing test CalculatorTest/shouldMultiplyNumberGivenOperand1
After Each

]]></system-out>
  </testcase>
  <testcase name="shouldAddNumberGivenManyNumbers(int, int, int)[1]" classname="com.endava.calculator.test.CalculatorTest" time="0.004">
    <system-out><![CDATA[
Before Each
18:18:07.230 [main] INFO  com.endava.extensions.TestReporterExtension - Starting test CalculatorTest/shouldAddNumberGivenManyNumbers
6
18:18:07.234 [main] INFO  com.endava.extensions.TestReporterExtension - Finishing test CalculatorTest/shouldAddNumberGivenManyNumbers
After Each

]]></system-out>
  </testcase>
  <testcase name="shouldAddNumberGivenManyNumbers(int, int, int)[2]" classname="com.endava.calculator.test.CalculatorTest" time="0">
    <system-out><![CDATA[
Before Each
18:18:07.234 [main] INFO  com.endava.extensions.TestReporterExtension - Starting test CalculatorTest/shouldAddNumberGivenManyNumbers
11
18:18:07.234 [main] INFO  com.endava.extensions.TestReporterExtension - Finishing test CalculatorTest/shouldAddNumberGivenManyNumbers
After Each

]]></system-out>
  </testcase>
  <testcase name="shouldAddNumberGivenManyNumbers(int, int, int)[3]" classname="com.endava.calculator.test.CalculatorTest" time="0">
    <system-out><![CDATA[
Before Each
18:18:07.242 [main] INFO  com.endava.extensions.TestReporterExtension - Starting test CalculatorTest/shouldAddNumberGivenManyNumbers
6
18:18:07.242 [main] INFO  com.endava.extensions.TestReporterExtension - Finishing test CalculatorTest/shouldAddNumberGivenManyNumbers
After Each

]]></system-out>
  </testcase>
  <testcase name="shouldAddNumberGivenManyNumbers(int, int, int)[4]" classname="com.endava.calculator.test.CalculatorTest" time="0.004">
    <system-out><![CDATA[
Before Each
18:18:07.242 [main] INFO  com.endava.extensions.TestReporterExtension - Starting test CalculatorTest/shouldAddNumberGivenManyNumbers
11
18:18:07.246 [main] INFO  com.endava.extensions.TestReporterExtension - Finishing test CalculatorTest/shouldAddNumberGivenManyNumbers
After Each

]]></system-out>
  </testcase>
  <testcase name="shouldAddNumberGivenManyNumbers(int, int, int)[5]" classname="com.endava.calculator.test.CalculatorTest" time="0.002">
    <system-out><![CDATA[
Before Each
18:18:07.249 [main] INFO  com.endava.extensions.TestReporterExtension - Starting test CalculatorTest/shouldAddNumberGivenManyNumbers
21
18:18:07.249 [main] INFO  com.endava.extensions.TestReporterExtension - Finishing test CalculatorTest/shouldAddNumberGivenManyNumbers
After Each

]]></system-out>
  </testcase>
  <testcase name="shouldApplyFactGivenLongNumber" classname="com.endava.calculator.test.CalculatorTest" time="0">
    <system-out><![CDATA[
Before Each
18:18:07.249 [main] INFO  com.endava.extensions.TestReporterExtension - Starting test CalculatorTest/shouldApplyFactGivenLongNumber
2432902008176640000
18:18:07.249 [main] INFO  com.endava.extensions.TestReporterExtension - Finishing test CalculatorTest/shouldApplyFactGivenLongNumber
After Each

]]></system-out>
  </testcase>
  <testcase name="shouldMultiplyNumberGivenOneNumber" classname="com.endava.calculator.test.CalculatorTest" time="0.004">
    <system-out><![CDATA[
Before Each
18:18:07.253 [main] INFO  com.endava.extensions.TestReporterExtension - Starting test CalculatorTest/shouldMultiplyNumberGivenOneNumber
2
18:18:07.253 [main] INFO  com.endava.extensions.TestReporterExtension - Finishing test CalculatorTest/shouldMultiplyNumberGivenOneNumber
After Each

]]></system-out>
  </testcase>
  <testcase name="shouldApplyPowerGivenBaseNegativeNumber" classname="com.endava.calculator.test.CalculatorTest" time="0">
    <system-out><![CDATA[
Before Each
18:18:07.253 [main] INFO  com.endava.extensions.TestReporterExtension - Starting test CalculatorTest/shouldApplyPowerGivenBaseNegativeNumber
16.0
18:18:07.253 [main] INFO  com.endava.extensions.TestReporterExtension - Finishing test CalculatorTest/shouldApplyPowerGivenBaseNegativeNumber
After Each

]]></system-out>
  </testcase>
  <testcase name="shouldApplyFactGivenOperand0" classname="com.endava.calculator.test.CalculatorTest" time="0.004">
    <system-out><![CDATA[
Before Each
18:18:07.253 [main] INFO  com.endava.extensions.TestReporterExtension - Starting test CalculatorTest/shouldApplyFactGivenOperand0
1
18:18:07.253 [main] INFO  com.endava.extensions.TestReporterExtension - Finishing test CalculatorTest/shouldApplyFactGivenOperand0
After Each

]]></system-out>
  </testcase>
  <testcase name="shouldApplyFactGivenOperand1" classname="com.endava.calculator.test.CalculatorTest" time="0">
    <system-out><![CDATA[
Before Each
18:18:07.257 [main] INFO  com.endava.extensions.TestReporterExtension - Starting test CalculatorTest/shouldApplyFactGivenOperand1
1
18:18:07.257 [main] INFO  com.endava.extensions.TestReporterExtension - Finishing test CalculatorTest/shouldApplyFactGivenOperand1
After Each

]]></system-out>
  </testcase>
  <testcase name="shouldAddNumberGivenOneNumber" classname="com.endava.calculator.test.CalculatorTest" time="0.004">
    <system-out><![CDATA[
Before Each
18:18:07.261 [main] INFO  com.endava.extensions.TestReporterExtension - Starting test CalculatorTest/shouldAddNumberGivenOneNumber
2
18:18:07.261 [main] INFO  com.endava.extensions.TestReporterExtension - Finishing test CalculatorTest/shouldAddNumberGivenOneNumber
After Each

]]></system-out>
  </testcase>
  <testcase name="shouldMultiplyNumberGivenTwoLongNumbers" classname="com.endava.calculator.test.CalculatorTest" time="0">
    <system-out><![CDATA[
Before Each
18:18:07.261 [main] INFO  com.endava.extensions.TestReporterExtension - Starting test CalculatorTest/shouldMultiplyNumberGivenTwoLongNumbers
4294967294
18:18:07.261 [main] INFO  com.endava.extensions.TestReporterExtension - Finishing test CalculatorTest/shouldMultiplyNumberGivenTwoLongNumbers
After Each

]]></system-out>
  </testcase>
  <testcase name="shouldMultiplyNumberGivenNoNumbers" classname="com.endava.calculator.test.CalculatorTest" time="0">
    <system-out><![CDATA[
Before Each
18:18:07.261 [main] INFO  com.endava.extensions.TestReporterExtension - Starting test CalculatorTest/shouldMultiplyNumberGivenNoNumbers
1
18:18:07.261 [main] INFO  com.endava.extensions.TestReporterExtension - Finishing test CalculatorTest/shouldMultiplyNumberGivenNoNumbers
After Each

]]></system-out>
  </testcase>
</testsuite>